#-----------------------------------------------------------
# Vivado v2021.1 (64-bit)
# SW Build 3247384 on Thu Jun 10 19:36:33 MDT 2021
# IP Build 3246043 on Fri Jun 11 00:30:35 MDT 2021
# Start of session at: Mon Nov 20 15:51:46 2023
# Process ID: 4796
# Current directory: D:/CA-exp/Exp4
# Command line: vivado.exe -gui_launcher_event rodinguilauncherevent29280 D:\CA-exp\Exp4\Exp4.xpr
# Log file: D:/CA-exp/Exp4/vivado.log
# Journal file: D:/CA-exp/Exp4\vivado.jou
#-----------------------------------------------------------
start_gui
open_project D:/CA-exp/Exp4/Exp4.xpr
Scanning sources...
Finished scanning sources
INFO: [IP_Flow 19-234] Refreshing IP repositories
INFO: [IP_Flow 19-1704] No user IP repositories specified
INFO: [IP_Flow 19-2313] Loaded Vivado IP repository 'D:/Vivado2021/Vivado/2021.1/data/ip'.
WARNING: [IP_Flow 19-2162] IP 'ROM_D' is locked:
* IP definition 'Distributed Memory Generator (8.0)' for IP 'ROM_D' (customized with software release 2018.2) has a different revision in the IP Catalog.
open_project: Time (s): cpu = 00:00:24 ; elapsed = 00:00:16 . Memory (MB): peak = 1117.629 ; gain = 0.000
update_compile_order -fileset sources_1
exit
INFO: [Common 17-206] Exiting Vivado at Mon Nov 20 15:52:38 2023...
